\BOOKMARK [1][-]{section.1}{\376\377\000I\000n\000t\000r\000o\000d\000u\000c\000c\000i\000\363\000n}{}% 1
\BOOKMARK [1][-]{section.2}{\376\377\000R\000e\000c\000o\000m\000e\000n\000d\000a\000c\000i\000\363\000n\000\040\0001\000:\000\040\000D\000i\000s\000e\000\361\000o\000\040\000y\000\040\000P\000l\000a\000n\000i\000f\000i\000c\000a\000c\000i\000\363\000n}{}% 2
\BOOKMARK [2][-]{subsection.2.1}{\376\377\000D\000e\000s\000c\000r\000i\000p\000c\000i\000\363\000n}{section.2}% 3
\BOOKMARK [2][-]{subsection.2.2}{\376\377\000D\000e\000c\000i\000s\000i\000\363\000n}{section.2}% 4
\BOOKMARK [2][-]{subsection.2.3}{\376\377\000J\000u\000s\000t\000i\000f\000i\000c\000a\000c\000i\000\363\000n}{section.2}% 5
\BOOKMARK [1][-]{section.3}{\376\377\000R\000e\000c\000o\000m\000e\000n\000d\000a\000c\000i\000\363\000n\000\040\0002\000:\000\040\000C\000o\000n\000e\000c\000t\000i\000v\000i\000d\000a\000d}{}% 6
\BOOKMARK [2][-]{subsection.3.1}{\376\377\000D\000e\000s\000c\000r\000i\000p\000c\000i\000\363\000n}{section.3}% 7
\BOOKMARK [2][-]{subsection.3.2}{\376\377\000D\000e\000c\000i\000s\000i\000\363\000n}{section.3}% 8
\BOOKMARK [2][-]{subsection.3.3}{\376\377\000J\000u\000s\000t\000i\000f\000i\000c\000a\000c\000i\000\363\000n}{section.3}% 9
\BOOKMARK [1][-]{section.4}{\376\377\000R\000e\000c\000o\000m\000e\000n\000d\000a\000c\000i\000\363\000n\000\040\0003\000:\000\040\000P\000r\000u\000e\000b\000a\000s\000\040\000L\000o\000c\000a\000l\000e\000s}{}% 10
\BOOKMARK [2][-]{subsection.4.1}{\376\377\000D\000e\000s\000c\000r\000i\000p\000c\000i\000\363\000n}{section.4}% 11
\BOOKMARK [2][-]{subsection.4.2}{\376\377\000D\000e\000c\000i\000s\000i\000\363\000n}{section.4}% 12
\BOOKMARK [2][-]{subsection.4.3}{\376\377\000J\000u\000s\000t\000i\000f\000i\000c\000a\000c\000i\000\363\000n}{section.4}% 13
\BOOKMARK [1][-]{section.5}{\376\377\000R\000e\000c\000o\000m\000e\000n\000d\000a\000c\000i\000\363\000n\000\040\0004\000:\000\040\000P\000r\000u\000e\000b\000a\000s\000\040\000I\000n\000s\000t\000r\000u\000m\000e\000n\000t\000a\000d\000a\000s}{}% 14
\BOOKMARK [2][-]{subsection.5.1}{\376\377\000D\000e\000s\000c\000r\000i\000p\000c\000i\000\363\000n}{section.5}% 15
\BOOKMARK [2][-]{subsection.5.2}{\376\377\000D\000e\000c\000i\000s\000i\000\363\000n}{section.5}% 16
\BOOKMARK [2][-]{subsection.5.3}{\376\377\000J\000u\000s\000t\000i\000f\000i\000c\000a\000c\000i\000\363\000n}{section.5}% 17
\BOOKMARK [1][-]{section.6}{\376\377\000R\000e\000c\000o\000m\000e\000n\000d\000a\000c\000i\000\363\000n\000\040\0005\000:\000\040\000P\000r\000i\000v\000a\000c\000i\000d\000a\000d}{}% 18
\BOOKMARK [2][-]{subsection.6.1}{\376\377\000D\000e\000s\000c\000r\000i\000p\000c\000i\000\363\000n}{section.6}% 19
\BOOKMARK [2][-]{subsection.6.2}{\376\377\000D\000e\000c\000i\000s\000i\000\363\000n}{section.6}% 20
\BOOKMARK [2][-]{subsection.6.3}{\376\377\000J\000u\000s\000t\000i\000f\000i\000c\000a\000c\000i\000\363\000n}{section.6}% 21
